Build started 9/19/2015 11:20:54 PM.
     1>Project "C:\GitRepos\ece470\HW4\HW4\HW4\HW4.vcxproj" on node 2 (Build target(s)).
     1>ClCompile:
         C:\Program Files (x86)\Microsoft Visual Studio 14.0\VC\bin\CL.exe /c /ZI /nologo /W3 /WX- /sdl /Od /Oy- /D _MBCS /Gm /EHsc /RTC1 /MDd /GS /fp:precise /Zc:wchar_t /Zc:forScope /Zc:inline /Fo"Debug\\" /Fd"Debug\vc140.pdb" /Gd /TP /analyze- /errorReport:prompt main.cpp
         main.cpp
     1>c:\gitrepos\ece470\hw4\hw4\hw4\main.cpp(29): error C2661: 'std::basic_istream<char,std::char_traits<char>>::getline': no overloaded function takes 1 arguments
     1>Done Building Project "C:\GitRepos\ece470\HW4\HW4\HW4\HW4.vcxproj" (Build target(s)) -- FAILED.

Build FAILED.

Time Elapsed 00:00:01.63
